{"G:\\Study\\RStask\\privateRepo\\katherinefedenko-2019Q1\\youtube-client\\src\\models\\AppModel.js": {"path":"G:\\Study\\RStask\\privateRepo\\katherinefedenko-2019Q1\\youtube-client\\src\\models\\AppModel.js","statementMap":{"0":{"start":{"line":3,"column":4},"end":{"line":3,"column":23}},"1":{"start":{"line":7,"column":4},"end":{"line":7,"column":54}},"2":{"start":{"line":7,"column":34},"end":{"line":7,"column":52}},"3":{"start":{"line":11,"column":20},"end":{"line":11,"column":30}},"4":{"start":{"line":13,"column":21},"end":{"line":13,"column":37}},"5":{"start":{"line":14,"column":17},"end":{"line":14,"column":38}},"6":{"start":{"line":19,"column":4},"end":{"line":19,"column":43}}},"fnMap":{"0":{"name":"(anonymous_0)","decl":{"start":{"line":2,"column":2},"end":{"line":2,"column":3}},"loc":{"start":{"line":2,"column":21},"end":{"line":4,"column":3}},"line":2},"1":{"name":"(anonymous_1)","decl":{"start":{"line":6,"column":2},"end":{"line":6,"column":3}},"loc":{"start":{"line":6,"column":32},"end":{"line":8,"column":3}},"line":6},"2":{"name":"(anonymous_2)","decl":{"start":{"line":7,"column":26},"end":{"line":7,"column":27}},"loc":{"start":{"line":7,"column":34},"end":{"line":7,"column":52}},"line":7},"3":{"name":"(anonymous_3)","decl":{"start":{"line":10,"column":2},"end":{"line":10,"column":3}},"loc":{"start":{"line":10,"column":23},"end":{"line":20,"column":3}},"line":10}},"branchMap":{},"s":{"0":0,"1":0,"2":0,"3":0,"4":0,"5":0,"6":0},"f":{"0":0,"1":0,"2":0,"3":0},"b":{},"_coverageSchema":"43e27e138ebf9cfc5966b082cf9a028302ed4184","hash":"081d9635f4358465b7ed2c0160aa773618b58c1d"}
,"G:\\Study\\RStask\\privateRepo\\katherinefedenko-2019Q1\\youtube-client\\src\\views\\AppView\\AppView.js": {"path":"G:\\Study\\RStask\\privateRepo\\katherinefedenko-2019Q1\\youtube-client\\src\\views\\AppView\\AppView.js","statementMap":{"0":{"start":{"line":3,"column":4},"end":{"line":3,"column":25}},"1":{"start":{"line":7,"column":20},"end":{"line":7,"column":48}},"2":{"start":{"line":8,"column":4},"end":{"line":8,"column":79}},"3":{"start":{"line":8,"column":49},"end":{"line":8,"column":68}},"4":{"start":{"line":10,"column":4},"end":{"line":10,"column":39}}},"fnMap":{"0":{"name":"(anonymous_0)","decl":{"start":{"line":2,"column":2},"end":{"line":2,"column":3}},"loc":{"start":{"line":2,"column":22},"end":{"line":4,"column":3}},"line":2},"1":{"name":"(anonymous_1)","decl":{"start":{"line":6,"column":2},"end":{"line":6,"column":3}},"loc":{"start":{"line":6,"column":11},"end":{"line":11,"column":3}},"line":6},"2":{"name":"(anonymous_2)","decl":{"start":{"line":8,"column":40},"end":{"line":8,"column":41}},"loc":{"start":{"line":8,"column":49},"end":{"line":8,"column":68}},"line":8}},"branchMap":{},"s":{"0":0,"1":1,"2":1,"3":1,"4":1},"f":{"0":0,"1":1,"2":1},"b":{},"_coverageSchema":"43e27e138ebf9cfc5966b082cf9a028302ed4184","hash":"fd05e5b908c5a5f3ea8db36d84ba65389f068423"}
}
