TN:
SF:G:\Study\RStask\privateRepo\katherinefedenko-2019Q1\youtube-client\src\models\AppModel.js
FN:2,(anonymous_0)
FN:6,(anonymous_1)
FN:7,(anonymous_2)
FN:10,(anonymous_3)
FNF:4
FNH:0
FNDA:0,(anonymous_0)
FNDA:0,(anonymous_1)
FNDA:0,(anonymous_2)
FNDA:0,(anonymous_3)
DA:3,0
DA:7,0
DA:11,0
DA:13,0
DA:14,0
DA:19,0
LF:6
LH:0
BRF:0
BRH:0
end_of_record
TN:
SF:G:\Study\RStask\privateRepo\katherinefedenko-2019Q1\youtube-client\src\views\AppView\AppView.js
FN:2,(anonymous_0)
FN:6,(anonymous_1)
FN:8,(anonymous_2)
FNF:3
FNH:2
FNDA:0,(anonymous_0)
FNDA:1,(anonymous_1)
FNDA:1,(anonymous_2)
DA:3,0
DA:7,1
DA:8,1
DA:10,1
LF:4
LH:3
BRF:0
BRH:0
end_of_record
